[error] Failed to fetch Firebase Project from Studio Workspace because WORKSPACE_SLUG environment variable is empty
[error] Failed to fetch Firebase Project from Studio Workspace because WORKSPACE_SLUG environment variable is empty
[error] Failed to fetch Firebase Project from Studio Workspace because WORKSPACE_SLUG environment variable is empty
[error] Failed to fetch Firebase Project from Studio Workspace because WORKSPACE_SLUG environment variable is empty
[debug] [2025-12-24T22:21:16.987Z] > command requires scopes: ["email","openid","https://www.googleapis.com/auth/cloudplatformprojects.readonly","https://www.googleapis.com/auth/firebase","https://www.googleapis.com/auth/cloud-platform","https://www.googleapis.com/auth/userinfo.email"]
[debug] [2025-12-24T22:21:16.993Z] > command requires scopes: ["email","openid","https://www.googleapis.com/auth/cloudplatformprojects.readonly","https://www.googleapis.com/auth/firebase","https://www.googleapis.com/auth/cloud-platform","https://www.googleapis.com/auth/userinfo.email"]
[error] Failed to fetch Firebase Project from Studio Workspace because WORKSPACE_SLUG environment variable is empty
[error] Failed to fetch Firebase Project from Studio Workspace because WORKSPACE_SLUG environment variable is empty
[error] Failed to fetch Firebase Project from Studio Workspace because WORKSPACE_SLUG environment variable is empty
[error] Failed to fetch Firebase Project from Studio Workspace because WORKSPACE_SLUG environment variable is empty
[debug] [2025-12-24T22:21:22.582Z] > command requires scopes: ["email","openid","https://www.googleapis.com/auth/cloudplatformprojects.readonly","https://www.googleapis.com/auth/firebase","https://www.googleapis.com/auth/cloud-platform","https://www.googleapis.com/auth/userinfo.email"]
[debug] [2025-12-24T22:21:22.585Z] > command requires scopes: ["email","openid","https://www.googleapis.com/auth/cloudplatformprojects.readonly","https://www.googleapis.com/auth/firebase","https://www.googleapis.com/auth/cloud-platform","https://www.googleapis.com/auth/userinfo.email"]
[debug] [2025-12-24T22:21:25.040Z] Running auto auth
[debug] [2025-12-24T22:21:25.044Z] Running auto auth
[debug] [2025-12-24T22:21:25.053Z] Running auto auth
[debug] [2025-12-24T22:21:25.056Z] Running auto auth
[debug] [2025-12-24T22:21:25.181Z] No OAuth tokens found
[debug] [2025-12-24T22:21:25.198Z] >>> [apiv2][query] GET https://cloudbilling.googleapis.com/v1/projects/test-action-a9c21/billingInfo [none]
[debug] [2025-12-24T22:21:25.449Z] No OAuth tokens found
[debug] [2025-12-24T22:21:25.455Z] >>> [apiv2][query] GET https://cloudbilling.googleapis.com/v1/projects/test-action-a9c21/billingInfo [none]
[debug] [2025-12-24T22:21:25.496Z] No OAuth tokens found
[debug] [2025-12-24T22:21:25.498Z] >>> [apiv2][query] GET https://cloudbilling.googleapis.com/v1/projects/test-action-a9c21/billingInfo [none]
[debug] [2025-12-24T22:21:25.526Z] No OAuth tokens found
[debug] [2025-12-24T22:21:25.526Z] >>> [apiv2][query] GET https://cloudbilling.googleapis.com/v1/projects/test-action-a9c21/billingInfo [none]
[debug] [2025-12-24T22:21:25.817Z] <<< [apiv2][status] GET https://cloudbilling.googleapis.com/v1/projects/test-action-a9c21/billingInfo 200
[debug] [2025-12-24T22:21:25.832Z] <<< [apiv2][body] GET https://cloudbilling.googleapis.com/v1/projects/test-action-a9c21/billingInfo {"name":"projects/test-action-a9c21/billingInfo","projectId":"test-action-a9c21","billingAccountName":"billingAccounts/011ECA-0CA103-C58A8B","billingEnabled":true}
[debug] [2025-12-24T22:21:25.923Z] No OAuth tokens found
[debug] [2025-12-24T22:21:25.933Z] No OAuth tokens found
[debug] [2025-12-24T22:21:25.934Z] No OAuth tokens found
[debug] [2025-12-24T22:21:26.000Z] No OAuth tokens found
[debug] [2025-12-24T22:21:26.000Z] >>> [apiv2][query] GET https://serviceusage.googleapis.com/v1/projects/test-action-a9c21/services/storage.googleapis.com [none]
[debug] [2025-12-24T22:21:26.001Z] >>> [apiv2][(partial)header] GET https://serviceusage.googleapis.com/v1/projects/test-action-a9c21/services/storage.googleapis.com x-goog-quota-user=projects/test-action-a9c21
[debug] [2025-12-24T22:21:26.004Z] >>> [apiv2][query] GET https://serviceusage.googleapis.com/v1/projects/test-action-a9c21/services/firebasedataconnect.googleapis.com [none]
[debug] [2025-12-24T22:21:26.005Z] >>> [apiv2][(partial)header] GET https://serviceusage.googleapis.com/v1/projects/test-action-a9c21/services/firebasedataconnect.googleapis.com x-goog-quota-user=projects/test-action-a9c21
[debug] [2025-12-24T22:21:26.008Z] >>> [apiv2][query] GET https://serviceusage.googleapis.com/v1/projects/test-action-a9c21/services/cloudfunctions.googleapis.com [none]
[debug] [2025-12-24T22:21:26.008Z] >>> [apiv2][(partial)header] GET https://serviceusage.googleapis.com/v1/projects/test-action-a9c21/services/cloudfunctions.googleapis.com x-goog-quota-user=projects/test-action-a9c21
[debug] [2025-12-24T22:21:26.013Z] >>> [apiv2][query] GET https://serviceusage.googleapis.com/v1/projects/test-action-a9c21/services/firebaseio.com [none]
[debug] [2025-12-24T22:21:26.013Z] >>> [apiv2][(partial)header] GET https://serviceusage.googleapis.com/v1/projects/test-action-a9c21/services/firebaseio.com x-goog-quota-user=projects/test-action-a9c21
[debug] [2025-12-24T22:21:26.559Z] <<< [apiv2][status] GET https://cloudbilling.googleapis.com/v1/projects/test-action-a9c21/billingInfo 200
[debug] [2025-12-24T22:21:26.565Z] <<< [apiv2][body] GET https://cloudbilling.googleapis.com/v1/projects/test-action-a9c21/billingInfo {"name":"projects/test-action-a9c21/billingInfo","projectId":"test-action-a9c21","billingAccountName":"billingAccounts/011ECA-0CA103-C58A8B","billingEnabled":true}
[debug] [2025-12-24T22:21:26.574Z] No OAuth tokens found
[debug] [2025-12-24T22:21:26.574Z] No OAuth tokens found
[debug] [2025-12-24T22:21:26.583Z] No OAuth tokens found
[debug] [2025-12-24T22:21:26.750Z] No OAuth tokens found
[debug] [2025-12-24T22:21:26.767Z] >>> [apiv2][query] GET https://serviceusage.googleapis.com/v1/projects/test-action-a9c21/services/storage.googleapis.com [none]
[debug] [2025-12-24T22:21:26.767Z] >>> [apiv2][(partial)header] GET https://serviceusage.googleapis.com/v1/projects/test-action-a9c21/services/storage.googleapis.com x-goog-quota-user=projects/test-action-a9c21
[debug] [2025-12-24T22:21:26.802Z] >>> [apiv2][query] GET https://serviceusage.googleapis.com/v1/projects/test-action-a9c21/services/firebasedataconnect.googleapis.com [none]
[debug] [2025-12-24T22:21:26.811Z] >>> [apiv2][(partial)header] GET https://serviceusage.googleapis.com/v1/projects/test-action-a9c21/services/firebasedataconnect.googleapis.com x-goog-quota-user=projects/test-action-a9c21
[debug] [2025-12-24T22:21:26.836Z] >>> [apiv2][query] GET https://serviceusage.googleapis.com/v1/projects/test-action-a9c21/services/cloudfunctions.googleapis.com [none]
[debug] [2025-12-24T22:21:26.842Z] >>> [apiv2][(partial)header] GET https://serviceusage.googleapis.com/v1/projects/test-action-a9c21/services/cloudfunctions.googleapis.com x-goog-quota-user=projects/test-action-a9c21
[debug] [2025-12-24T22:21:26.864Z] >>> [apiv2][query] GET https://serviceusage.googleapis.com/v1/projects/test-action-a9c21/services/firebaseio.com [none]
[debug] [2025-12-24T22:21:26.871Z] >>> [apiv2][(partial)header] GET https://serviceusage.googleapis.com/v1/projects/test-action-a9c21/services/firebaseio.com x-goog-quota-user=projects/test-action-a9c21
[debug] [2025-12-24T22:21:28.341Z] <<< [apiv2][status] GET https://cloudbilling.googleapis.com/v1/projects/test-action-a9c21/billingInfo 200
[debug] [2025-12-24T22:21:28.344Z] <<< [apiv2][body] GET https://cloudbilling.googleapis.com/v1/projects/test-action-a9c21/billingInfo {"name":"projects/test-action-a9c21/billingInfo","projectId":"test-action-a9c21","billingAccountName":"billingAccounts/011ECA-0CA103-C58A8B","billingEnabled":true}
[debug] [2025-12-24T22:21:28.351Z] No OAuth tokens found
[debug] [2025-12-24T22:21:28.352Z] No OAuth tokens found
[debug] [2025-12-24T22:21:28.353Z] No OAuth tokens found
[debug] [2025-12-24T22:21:28.461Z] No OAuth tokens found
[debug] [2025-12-24T22:21:28.465Z] >>> [apiv2][query] GET https://serviceusage.googleapis.com/v1/projects/test-action-a9c21/services/storage.googleapis.com [none]
[debug] [2025-12-24T22:21:28.465Z] >>> [apiv2][(partial)header] GET https://serviceusage.googleapis.com/v1/projects/test-action-a9c21/services/storage.googleapis.com x-goog-quota-user=projects/test-action-a9c21
[debug] [2025-12-24T22:21:28.472Z] >>> [apiv2][query] GET https://serviceusage.googleapis.com/v1/projects/test-action-a9c21/services/firebasedataconnect.googleapis.com [none]
[debug] [2025-12-24T22:21:28.472Z] >>> [apiv2][(partial)header] GET https://serviceusage.googleapis.com/v1/projects/test-action-a9c21/services/firebasedataconnect.googleapis.com x-goog-quota-user=projects/test-action-a9c21
[debug] [2025-12-24T22:21:28.479Z] >>> [apiv2][query] GET https://serviceusage.googleapis.com/v1/projects/test-action-a9c21/services/cloudfunctions.googleapis.com [none]
[debug] [2025-12-24T22:21:28.480Z] >>> [apiv2][(partial)header] GET https://serviceusage.googleapis.com/v1/projects/test-action-a9c21/services/cloudfunctions.googleapis.com x-goog-quota-user=projects/test-action-a9c21
[debug] [2025-12-24T22:21:28.482Z] >>> [apiv2][query] GET https://serviceusage.googleapis.com/v1/projects/test-action-a9c21/services/firebaseio.com [none]
[debug] [2025-12-24T22:21:28.482Z] >>> [apiv2][(partial)header] GET https://serviceusage.googleapis.com/v1/projects/test-action-a9c21/services/firebaseio.com x-goog-quota-user=projects/test-action-a9c21
[debug] [2025-12-24T22:21:28.770Z] <<< [apiv2][status] GET https://cloudbilling.googleapis.com/v1/projects/test-action-a9c21/billingInfo 200
[debug] [2025-12-24T22:21:28.771Z] <<< [apiv2][body] GET https://cloudbilling.googleapis.com/v1/projects/test-action-a9c21/billingInfo {"name":"projects/test-action-a9c21/billingInfo","projectId":"test-action-a9c21","billingAccountName":"billingAccounts/011ECA-0CA103-C58A8B","billingEnabled":true}
[debug] [2025-12-24T22:21:28.778Z] No OAuth tokens found
[debug] [2025-12-24T22:21:28.786Z] No OAuth tokens found
[debug] [2025-12-24T22:21:28.788Z] No OAuth tokens found
[debug] [2025-12-24T22:21:28.803Z] No OAuth tokens found
[debug] [2025-12-24T22:21:28.804Z] >>> [apiv2][query] GET https://serviceusage.googleapis.com/v1/projects/test-action-a9c21/services/storage.googleapis.com [none]
[debug] [2025-12-24T22:21:28.804Z] >>> [apiv2][(partial)header] GET https://serviceusage.googleapis.com/v1/projects/test-action-a9c21/services/storage.googleapis.com x-goog-quota-user=projects/test-action-a9c21
[debug] [2025-12-24T22:21:28.805Z] >>> [apiv2][query] GET https://serviceusage.googleapis.com/v1/projects/test-action-a9c21/services/firebasedataconnect.googleapis.com [none]
[debug] [2025-12-24T22:21:28.805Z] >>> [apiv2][(partial)header] GET https://serviceusage.googleapis.com/v1/projects/test-action-a9c21/services/firebasedataconnect.googleapis.com x-goog-quota-user=projects/test-action-a9c21
[debug] [2025-12-24T22:21:28.807Z] >>> [apiv2][query] GET https://serviceusage.googleapis.com/v1/projects/test-action-a9c21/services/cloudfunctions.googleapis.com [none]
[debug] [2025-12-24T22:21:28.807Z] >>> [apiv2][(partial)header] GET https://serviceusage.googleapis.com/v1/projects/test-action-a9c21/services/cloudfunctions.googleapis.com x-goog-quota-user=projects/test-action-a9c21
[debug] [2025-12-24T22:21:28.807Z] >>> [apiv2][query] GET https://serviceusage.googleapis.com/v1/projects/test-action-a9c21/services/firebaseio.com [none]
[debug] [2025-12-24T22:21:28.808Z] >>> [apiv2][(partial)header] GET https://serviceusage.googleapis.com/v1/projects/test-action-a9c21/services/firebaseio.com x-goog-quota-user=projects/test-action-a9c21
[debug] [2025-12-24T22:21:28.856Z] <<< [apiv2][status] GET https://serviceusage.googleapis.com/v1/projects/test-action-a9c21/services/firebasedataconnect.googleapis.com 200
[debug] [2025-12-24T22:21:28.864Z] <<< [apiv2][body] GET https://serviceusage.googleapis.com/v1/projects/test-action-a9c21/services/firebasedataconnect.googleapis.com [omitted]
[debug] [2025-12-24T22:21:28.971Z] <<< [apiv2][status] GET https://serviceusage.googleapis.com/v1/projects/test-action-a9c21/services/storage.googleapis.com 200
[debug] [2025-12-24T22:21:28.972Z] <<< [apiv2][body] GET https://serviceusage.googleapis.com/v1/projects/test-action-a9c21/services/storage.googleapis.com [omitted]
[debug] [2025-12-24T22:21:28.993Z] <<< [apiv2][status] GET https://serviceusage.googleapis.com/v1/projects/test-action-a9c21/services/firebaseio.com 403
[debug] [2025-12-24T22:21:28.993Z] <<< [apiv2][body] GET https://serviceusage.googleapis.com/v1/projects/test-action-a9c21/services/firebaseio.com [omitted]
[debug] [2025-12-24T22:21:29.017Z] <<< [apiv2][status] GET https://serviceusage.googleapis.com/v1/projects/test-action-a9c21/services/cloudfunctions.googleapis.com 200
[debug] [2025-12-24T22:21:29.017Z] <<< [apiv2][body] GET https://serviceusage.googleapis.com/v1/projects/test-action-a9c21/services/cloudfunctions.googleapis.com [omitted]
[debug] [2025-12-24T22:21:29.020Z] <<< [apiv2][status] GET https://serviceusage.googleapis.com/v1/projects/test-action-a9c21/services/firebaseio.com 403
[debug] [2025-12-24T22:21:29.020Z] <<< [apiv2][body] GET https://serviceusage.googleapis.com/v1/projects/test-action-a9c21/services/firebaseio.com [omitted]
[debug] [2025-12-24T22:21:29.030Z] <<< [apiv2][status] GET https://serviceusage.googleapis.com/v1/projects/test-action-a9c21/services/firebaseio.com 403
[debug] [2025-12-24T22:21:29.031Z] <<< [apiv2][body] GET https://serviceusage.googleapis.com/v1/projects/test-action-a9c21/services/firebaseio.com [omitted]
[debug] [2025-12-24T22:21:29.036Z] <<< [apiv2][status] GET https://serviceusage.googleapis.com/v1/projects/test-action-a9c21/services/storage.googleapis.com 200
[debug] [2025-12-24T22:21:29.036Z] <<< [apiv2][body] GET https://serviceusage.googleapis.com/v1/projects/test-action-a9c21/services/storage.googleapis.com [omitted]
[debug] [2025-12-24T22:21:29.047Z] <<< [apiv2][status] GET https://serviceusage.googleapis.com/v1/projects/test-action-a9c21/services/cloudfunctions.googleapis.com 200
[debug] [2025-12-24T22:21:29.047Z] <<< [apiv2][body] GET https://serviceusage.googleapis.com/v1/projects/test-action-a9c21/services/cloudfunctions.googleapis.com [omitted]
[debug] [2025-12-24T22:21:29.055Z] <<< [apiv2][status] GET https://serviceusage.googleapis.com/v1/projects/test-action-a9c21/services/firebasedataconnect.googleapis.com 200
[debug] [2025-12-24T22:21:29.055Z] <<< [apiv2][body] GET https://serviceusage.googleapis.com/v1/projects/test-action-a9c21/services/firebasedataconnect.googleapis.com [omitted]
[error] Failed to fetch Firebase Project from Studio Workspace because WORKSPACE_SLUG environment variable is empty
[error] Failed to fetch Firebase Project from Studio Workspace because WORKSPACE_SLUG environment variable is empty
[error] Failed to fetch Firebase Project from Studio Workspace because WORKSPACE_SLUG environment variable is empty
[debug] [2025-12-24T22:21:29.069Z] > command requires scopes: ["email","openid","https://www.googleapis.com/auth/cloudplatformprojects.readonly","https://www.googleapis.com/auth/firebase","https://www.googleapis.com/auth/cloud-platform","https://www.googleapis.com/auth/userinfo.email"]
[debug] [2025-12-24T22:21:29.069Z] > authorizing via signed-in user (ahmedmhr2011@gmail.com)
[debug] [2025-12-24T22:21:29.070Z] No OAuth tokens found
[debug] [2025-12-24T22:21:29.070Z] >>> [apiv2][query] GET https://cloudbilling.googleapis.com/v1/projects/test-action-a9c21/billingInfo [none]
[debug] [2025-12-24T22:21:29.087Z] <<< [apiv2][status] GET https://serviceusage.googleapis.com/v1/projects/test-action-a9c21/services/firebaseio.com 403
[debug] [2025-12-24T22:21:29.087Z] <<< [apiv2][body] GET https://serviceusage.googleapis.com/v1/projects/test-action-a9c21/services/firebaseio.com [omitted]
[debug] [2025-12-24T22:21:29.114Z] <<< [apiv2][status] GET https://serviceusage.googleapis.com/v1/projects/test-action-a9c21/services/firebasedataconnect.googleapis.com 200
[debug] [2025-12-24T22:21:29.114Z] <<< [apiv2][body] GET https://serviceusage.googleapis.com/v1/projects/test-action-a9c21/services/firebasedataconnect.googleapis.com [omitted]
[debug] [2025-12-24T22:21:29.210Z] <<< [apiv2][status] GET https://serviceusage.googleapis.com/v1/projects/test-action-a9c21/services/storage.googleapis.com 200
[debug] [2025-12-24T22:21:29.213Z] <<< [apiv2][body] GET https://serviceusage.googleapis.com/v1/projects/test-action-a9c21/services/storage.googleapis.com [omitted]
[debug] [2025-12-24T22:21:29.238Z] <<< [apiv2][status] GET https://serviceusage.googleapis.com/v1/projects/test-action-a9c21/services/firebasedataconnect.googleapis.com 200
[debug] [2025-12-24T22:21:29.238Z] <<< [apiv2][body] GET https://serviceusage.googleapis.com/v1/projects/test-action-a9c21/services/firebasedataconnect.googleapis.com [omitted]
[debug] [2025-12-24T22:21:29.253Z] <<< [apiv2][status] GET https://serviceusage.googleapis.com/v1/projects/test-action-a9c21/services/cloudfunctions.googleapis.com 200
[debug] [2025-12-24T22:21:29.257Z] <<< [apiv2][body] GET https://serviceusage.googleapis.com/v1/projects/test-action-a9c21/services/cloudfunctions.googleapis.com [omitted]
[error] Failed to fetch Firebase Project from Studio Workspace because WORKSPACE_SLUG environment variable is empty
[error] Failed to fetch Firebase Project from Studio Workspace because WORKSPACE_SLUG environment variable is empty
[error] Failed to fetch Firebase Project from Studio Workspace because WORKSPACE_SLUG environment variable is empty
[debug] [2025-12-24T22:21:29.277Z] > command requires scopes: ["email","openid","https://www.googleapis.com/auth/cloudplatformprojects.readonly","https://www.googleapis.com/auth/firebase","https://www.googleapis.com/auth/cloud-platform","https://www.googleapis.com/auth/userinfo.email"]
[debug] [2025-12-24T22:21:29.279Z] > authorizing via signed-in user (ahmedmhr2011@gmail.com)
[debug] [2025-12-24T22:21:29.280Z] No OAuth tokens found
[debug] [2025-12-24T22:21:29.280Z] >>> [apiv2][query] GET https://cloudbilling.googleapis.com/v1/projects/test-action-a9c21/billingInfo [none]
[debug] [2025-12-24T22:21:29.289Z] <<< [apiv2][status] GET https://serviceusage.googleapis.com/v1/projects/test-action-a9c21/services/storage.googleapis.com 200
[debug] [2025-12-24T22:21:29.289Z] <<< [apiv2][body] GET https://serviceusage.googleapis.com/v1/projects/test-action-a9c21/services/storage.googleapis.com [omitted]
[debug] [2025-12-24T22:21:29.340Z] <<< [apiv2][status] GET https://cloudbilling.googleapis.com/v1/projects/test-action-a9c21/billingInfo 200
[debug] [2025-12-24T22:21:29.345Z] <<< [apiv2][body] GET https://cloudbilling.googleapis.com/v1/projects/test-action-a9c21/billingInfo {"name":"projects/test-action-a9c21/billingInfo","projectId":"test-action-a9c21","billingAccountName":"billingAccounts/011ECA-0CA103-C58A8B","billingEnabled":true}
[error] Failed to fetch Firebase Project from Studio Workspace because WORKSPACE_SLUG environment variable is empty
[debug] [2025-12-24T22:21:29.370Z] > command requires scopes: ["email","openid","https://www.googleapis.com/auth/cloudplatformprojects.readonly","https://www.googleapis.com/auth/firebase","https://www.googleapis.com/auth/cloud-platform","https://www.googleapis.com/auth/userinfo.email"]
[debug] [2025-12-24T22:21:29.370Z] > authorizing via signed-in user (ahmedmhr2011@gmail.com)
[debug] [2025-12-24T22:21:29.628Z] <<< [apiv2][status] GET https://serviceusage.googleapis.com/v1/projects/test-action-a9c21/services/cloudfunctions.googleapis.com 200
[debug] [2025-12-24T22:21:29.628Z] <<< [apiv2][body] GET https://serviceusage.googleapis.com/v1/projects/test-action-a9c21/services/cloudfunctions.googleapis.com [omitted]
[error] Failed to fetch Firebase Project from Studio Workspace because WORKSPACE_SLUG environment variable is empty
[error] Failed to fetch Firebase Project from Studio Workspace because WORKSPACE_SLUG environment variable is empty
[error] Failed to fetch Firebase Project from Studio Workspace because WORKSPACE_SLUG environment variable is empty
[debug] [2025-12-24T22:21:29.652Z] > command requires scopes: ["email","openid","https://www.googleapis.com/auth/cloudplatformprojects.readonly","https://www.googleapis.com/auth/firebase","https://www.googleapis.com/auth/cloud-platform","https://www.googleapis.com/auth/userinfo.email"]
[debug] [2025-12-24T22:21:29.652Z] > authorizing via signed-in user (ahmedmhr2011@gmail.com)
[debug] [2025-12-24T22:21:29.655Z] No OAuth tokens found
[debug] [2025-12-24T22:21:29.655Z] >>> [apiv2][query] GET https://cloudbilling.googleapis.com/v1/projects/test-action-a9c21/billingInfo [none]
[debug] [2025-12-24T22:21:29.900Z] <<< [apiv2][status] GET https://cloudbilling.googleapis.com/v1/projects/test-action-a9c21/billingInfo 200
[debug] [2025-12-24T22:21:29.905Z] <<< [apiv2][body] GET https://cloudbilling.googleapis.com/v1/projects/test-action-a9c21/billingInfo {"name":"projects/test-action-a9c21/billingInfo","projectId":"test-action-a9c21","billingAccountName":"billingAccounts/011ECA-0CA103-C58A8B","billingEnabled":true}
[error] Failed to fetch Firebase Project from Studio Workspace because WORKSPACE_SLUG environment variable is empty
[debug] [2025-12-24T22:21:29.928Z] > command requires scopes: ["email","openid","https://www.googleapis.com/auth/cloudplatformprojects.readonly","https://www.googleapis.com/auth/firebase","https://www.googleapis.com/auth/cloud-platform","https://www.googleapis.com/auth/userinfo.email"]
[debug] [2025-12-24T22:21:29.928Z] > authorizing via signed-in user (ahmedmhr2011@gmail.com)
[debug] [2025-12-24T22:21:29.977Z] <<< [apiv2][status] GET https://cloudbilling.googleapis.com/v1/projects/test-action-a9c21/billingInfo 200
[debug] [2025-12-24T22:21:29.982Z] <<< [apiv2][body] GET https://cloudbilling.googleapis.com/v1/projects/test-action-a9c21/billingInfo {"name":"projects/test-action-a9c21/billingInfo","projectId":"test-action-a9c21","billingAccountName":"billingAccounts/011ECA-0CA103-C58A8B","billingEnabled":true}
[error] Failed to fetch Firebase Project from Studio Workspace because WORKSPACE_SLUG environment variable is empty
[debug] [2025-12-24T22:21:30.009Z] > command requires scopes: ["email","openid","https://www.googleapis.com/auth/cloudplatformprojects.readonly","https://www.googleapis.com/auth/firebase","https://www.googleapis.com/auth/cloud-platform","https://www.googleapis.com/auth/userinfo.email"]
[debug] [2025-12-24T22:21:30.009Z] > authorizing via signed-in user (ahmedmhr2011@gmail.com)
[error] Failed to fetch Firebase Project from Studio Workspace because WORKSPACE_SLUG environment variable is empty
[error] Failed to fetch Firebase Project from Studio Workspace because WORKSPACE_SLUG environment variable is empty
[error] Failed to fetch Firebase Project from Studio Workspace because WORKSPACE_SLUG environment variable is empty
[debug] [2025-12-24T22:21:30.354Z] > command requires scopes: ["email","openid","https://www.googleapis.com/auth/cloudplatformprojects.readonly","https://www.googleapis.com/auth/firebase","https://www.googleapis.com/auth/cloud-platform","https://www.googleapis.com/auth/userinfo.email"]
[debug] [2025-12-24T22:21:30.355Z] > authorizing via signed-in user (ahmedmhr2011@gmail.com)
[debug] [2025-12-24T22:21:30.355Z] No OAuth tokens found
[debug] [2025-12-24T22:21:30.356Z] >>> [apiv2][query] GET https://cloudbilling.googleapis.com/v1/projects/test-action-a9c21/billingInfo [none]
[error] Failed to fetch Firebase Project from Studio Workspace because WORKSPACE_SLUG environment variable is empty
[error] Failed to fetch Firebase Project from Studio Workspace because WORKSPACE_SLUG environment variable is empty
[error] Failed to fetch Firebase Project from Studio Workspace because WORKSPACE_SLUG environment variable is empty
[debug] [2025-12-24T22:21:30.362Z] > command requires scopes: ["email","openid","https://www.googleapis.com/auth/cloudplatformprojects.readonly","https://www.googleapis.com/auth/firebase","https://www.googleapis.com/auth/cloud-platform","https://www.googleapis.com/auth/userinfo.email"]
[debug] [2025-12-24T22:21:30.362Z] > authorizing via signed-in user (ahmedmhr2011@gmail.com)
[debug] [2025-12-24T22:21:30.362Z] No OAuth tokens found
[debug] [2025-12-24T22:21:30.363Z] >>> [apiv2][query] GET https://cloudbilling.googleapis.com/v1/projects/test-action-a9c21/billingInfo [none]
[debug] [2025-12-24T22:21:30.608Z] <<< [apiv2][status] GET https://cloudbilling.googleapis.com/v1/projects/test-action-a9c21/billingInfo 200
[debug] [2025-12-24T22:21:30.614Z] <<< [apiv2][body] GET https://cloudbilling.googleapis.com/v1/projects/test-action-a9c21/billingInfo {"name":"projects/test-action-a9c21/billingInfo","projectId":"test-action-a9c21","billingAccountName":"billingAccounts/011ECA-0CA103-C58A8B","billingEnabled":true}
[error] Failed to fetch Firebase Project from Studio Workspace because WORKSPACE_SLUG environment variable is empty
[debug] [2025-12-24T22:21:30.630Z] > command requires scopes: ["email","openid","https://www.googleapis.com/auth/cloudplatformprojects.readonly","https://www.googleapis.com/auth/firebase","https://www.googleapis.com/auth/cloud-platform","https://www.googleapis.com/auth/userinfo.email"]
[debug] [2025-12-24T22:21:30.630Z] > authorizing via signed-in user (ahmedmhr2011@gmail.com)
[debug] [2025-12-24T22:21:30.649Z] <<< [apiv2][status] GET https://cloudbilling.googleapis.com/v1/projects/test-action-a9c21/billingInfo 200
[debug] [2025-12-24T22:21:30.650Z] <<< [apiv2][body] GET https://cloudbilling.googleapis.com/v1/projects/test-action-a9c21/billingInfo {"name":"projects/test-action-a9c21/billingInfo","projectId":"test-action-a9c21","billingAccountName":"billingAccounts/011ECA-0CA103-C58A8B","billingEnabled":true}
[error] Failed to fetch Firebase Project from Studio Workspace because WORKSPACE_SLUG environment variable is empty
[debug] [2025-12-24T22:21:30.667Z] > command requires scopes: ["email","openid","https://www.googleapis.com/auth/cloudplatformprojects.readonly","https://www.googleapis.com/auth/firebase","https://www.googleapis.com/auth/cloud-platform","https://www.googleapis.com/auth/userinfo.email"]
[debug] [2025-12-24T22:21:30.681Z] > authorizing via signed-in user (ahmedmhr2011@gmail.com)
[error] Failed to fetch Firebase Project from Studio Workspace because WORKSPACE_SLUG environment variable is empty
[error] Failed to fetch Firebase Project from Studio Workspace because WORKSPACE_SLUG environment variable is empty
[error] Failed to fetch Firebase Project from Studio Workspace because WORKSPACE_SLUG environment variable is empty
[error] Failed to fetch Firebase Project from Studio Workspace because WORKSPACE_SLUG environment variable is empty
[debug] [2025-12-25T00:43:06.809Z] > command requires scopes: ["email","openid","https://www.googleapis.com/auth/cloudplatformprojects.readonly","https://www.googleapis.com/auth/firebase","https://www.googleapis.com/auth/cloud-platform","https://www.googleapis.com/auth/userinfo.email"]
[debug] [2025-12-25T00:43:06.842Z] > command requires scopes: ["email","openid","https://www.googleapis.com/auth/cloudplatformprojects.readonly","https://www.googleapis.com/auth/firebase","https://www.googleapis.com/auth/cloud-platform","https://www.googleapis.com/auth/userinfo.email"]
[debug] [2025-12-25T00:43:13.093Z] Running auto auth
[debug] [2025-12-25T00:43:13.094Z] Running auto auth
[debug] [2025-12-25T00:43:13.171Z] No OAuth tokens found
[debug] [2025-12-25T00:43:13.185Z] >>> [apiv2][query] GET https://cloudbilling.googleapis.com/v1/projects/test-action-a9c21/billingInfo [none]
[debug] [2025-12-25T00:43:13.658Z] No OAuth tokens found
[debug] [2025-12-25T00:43:13.659Z] >>> [apiv2][query] GET https://cloudbilling.googleapis.com/v1/projects/test-action-a9c21/billingInfo [none]
[debug] [2025-12-25T00:43:13.912Z] <<< [apiv2][status] GET https://cloudbilling.googleapis.com/v1/projects/test-action-a9c21/billingInfo 200
[debug] [2025-12-25T00:43:13.914Z] <<< [apiv2][body] GET https://cloudbilling.googleapis.com/v1/projects/test-action-a9c21/billingInfo {"name":"projects/test-action-a9c21/billingInfo","projectId":"test-action-a9c21","billingAccountName":"billingAccounts/011ECA-0CA103-C58A8B","billingEnabled":true}
[debug] [2025-12-25T00:43:13.939Z] No OAuth tokens found
[debug] [2025-12-25T00:43:13.940Z] No OAuth tokens found
[debug] [2025-12-25T00:43:13.942Z] No OAuth tokens found
[debug] [2025-12-25T00:43:13.970Z] No OAuth tokens found
[debug] [2025-12-25T00:43:13.970Z] >>> [apiv2][query] GET https://serviceusage.googleapis.com/v1/projects/test-action-a9c21/services/storage.googleapis.com [none]
[debug] [2025-12-25T00:43:13.971Z] >>> [apiv2][(partial)header] GET https://serviceusage.googleapis.com/v1/projects/test-action-a9c21/services/storage.googleapis.com x-goog-quota-user=projects/test-action-a9c21
[debug] [2025-12-25T00:43:13.973Z] >>> [apiv2][query] GET https://serviceusage.googleapis.com/v1/projects/test-action-a9c21/services/firebasedataconnect.googleapis.com [none]
[debug] [2025-12-25T00:43:13.974Z] >>> [apiv2][(partial)header] GET https://serviceusage.googleapis.com/v1/projects/test-action-a9c21/services/firebasedataconnect.googleapis.com x-goog-quota-user=projects/test-action-a9c21
[debug] [2025-12-25T00:43:13.976Z] >>> [apiv2][query] GET https://serviceusage.googleapis.com/v1/projects/test-action-a9c21/services/cloudfunctions.googleapis.com [none]
[debug] [2025-12-25T00:43:13.976Z] >>> [apiv2][(partial)header] GET https://serviceusage.googleapis.com/v1/projects/test-action-a9c21/services/cloudfunctions.googleapis.com x-goog-quota-user=projects/test-action-a9c21
[debug] [2025-12-25T00:43:13.979Z] >>> [apiv2][query] GET https://serviceusage.googleapis.com/v1/projects/test-action-a9c21/services/firebaseio.com [none]
[debug] [2025-12-25T00:43:13.980Z] >>> [apiv2][(partial)header] GET https://serviceusage.googleapis.com/v1/projects/test-action-a9c21/services/firebaseio.com x-goog-quota-user=projects/test-action-a9c21
[debug] [2025-12-25T00:43:13.984Z] <<< [apiv2][status] GET https://cloudbilling.googleapis.com/v1/projects/test-action-a9c21/billingInfo 200
[debug] [2025-12-25T00:43:13.984Z] <<< [apiv2][body] GET https://cloudbilling.googleapis.com/v1/projects/test-action-a9c21/billingInfo {"name":"projects/test-action-a9c21/billingInfo","projectId":"test-action-a9c21","billingAccountName":"billingAccounts/011ECA-0CA103-C58A8B","billingEnabled":true}
[debug] [2025-12-25T00:43:13.985Z] No OAuth tokens found
[debug] [2025-12-25T00:43:13.985Z] No OAuth tokens found
[debug] [2025-12-25T00:43:13.986Z] No OAuth tokens found
[debug] [2025-12-25T00:43:13.997Z] No OAuth tokens found
[debug] [2025-12-25T00:43:13.997Z] >>> [apiv2][query] GET https://serviceusage.googleapis.com/v1/projects/test-action-a9c21/services/storage.googleapis.com [none]
[debug] [2025-12-25T00:43:13.998Z] >>> [apiv2][(partial)header] GET https://serviceusage.googleapis.com/v1/projects/test-action-a9c21/services/storage.googleapis.com x-goog-quota-user=projects/test-action-a9c21
[debug] [2025-12-25T00:43:14.000Z] >>> [apiv2][query] GET https://serviceusage.googleapis.com/v1/projects/test-action-a9c21/services/firebasedataconnect.googleapis.com [none]
[debug] [2025-12-25T00:43:14.000Z] >>> [apiv2][(partial)header] GET https://serviceusage.googleapis.com/v1/projects/test-action-a9c21/services/firebasedataconnect.googleapis.com x-goog-quota-user=projects/test-action-a9c21
[debug] [2025-12-25T00:43:14.003Z] >>> [apiv2][query] GET https://serviceusage.googleapis.com/v1/projects/test-action-a9c21/services/cloudfunctions.googleapis.com [none]
[debug] [2025-12-25T00:43:14.004Z] >>> [apiv2][(partial)header] GET https://serviceusage.googleapis.com/v1/projects/test-action-a9c21/services/cloudfunctions.googleapis.com x-goog-quota-user=projects/test-action-a9c21
[debug] [2025-12-25T00:43:14.010Z] >>> [apiv2][query] GET https://serviceusage.googleapis.com/v1/projects/test-action-a9c21/services/firebaseio.com [none]
[debug] [2025-12-25T00:43:14.010Z] >>> [apiv2][(partial)header] GET https://serviceusage.googleapis.com/v1/projects/test-action-a9c21/services/firebaseio.com x-goog-quota-user=projects/test-action-a9c21
[debug] [2025-12-25T00:43:14.859Z] <<< [apiv2][status] GET https://serviceusage.googleapis.com/v1/projects/test-action-a9c21/services/firebaseio.com 403
[debug] [2025-12-25T00:43:14.860Z] <<< [apiv2][body] GET https://serviceusage.googleapis.com/v1/projects/test-action-a9c21/services/firebaseio.com [omitted]
[debug] [2025-12-25T00:43:14.999Z] <<< [apiv2][status] GET https://serviceusage.googleapis.com/v1/projects/test-action-a9c21/services/firebaseio.com 403
[debug] [2025-12-25T00:43:15.000Z] <<< [apiv2][body] GET https://serviceusage.googleapis.com/v1/projects/test-action-a9c21/services/firebaseio.com [omitted]
[debug] [2025-12-25T00:43:15.012Z] <<< [apiv2][status] GET https://serviceusage.googleapis.com/v1/projects/test-action-a9c21/services/firebasedataconnect.googleapis.com 200
[debug] [2025-12-25T00:43:15.012Z] <<< [apiv2][body] GET https://serviceusage.googleapis.com/v1/projects/test-action-a9c21/services/firebasedataconnect.googleapis.com [omitted]
[debug] [2025-12-25T00:43:15.032Z] <<< [apiv2][status] GET https://serviceusage.googleapis.com/v1/projects/test-action-a9c21/services/storage.googleapis.com 200
[debug] [2025-12-25T00:43:15.033Z] <<< [apiv2][body] GET https://serviceusage.googleapis.com/v1/projects/test-action-a9c21/services/storage.googleapis.com [omitted]
[debug] [2025-12-25T00:43:15.038Z] <<< [apiv2][status] GET https://serviceusage.googleapis.com/v1/projects/test-action-a9c21/services/cloudfunctions.googleapis.com 200
[debug] [2025-12-25T00:43:15.038Z] <<< [apiv2][body] GET https://serviceusage.googleapis.com/v1/projects/test-action-a9c21/services/cloudfunctions.googleapis.com [omitted]
[error] Failed to fetch Firebase Project from Studio Workspace because WORKSPACE_SLUG environment variable is empty
[error] Failed to fetch Firebase Project from Studio Workspace because WORKSPACE_SLUG environment variable is empty
[error] Failed to fetch Firebase Project from Studio Workspace because WORKSPACE_SLUG environment variable is empty
[debug] [2025-12-25T00:43:15.045Z] > command requires scopes: ["email","openid","https://www.googleapis.com/auth/cloudplatformprojects.readonly","https://www.googleapis.com/auth/firebase","https://www.googleapis.com/auth/cloud-platform","https://www.googleapis.com/auth/userinfo.email"]
[debug] [2025-12-25T00:43:15.046Z] > authorizing via signed-in user (ahmedmhr2011@gmail.com)
[debug] [2025-12-25T00:43:15.046Z] No OAuth tokens found
[debug] [2025-12-25T00:43:15.047Z] >>> [apiv2][query] GET https://cloudbilling.googleapis.com/v1/projects/test-action-a9c21/billingInfo [none]
[debug] [2025-12-25T00:43:15.083Z] <<< [apiv2][status] GET https://serviceusage.googleapis.com/v1/projects/test-action-a9c21/services/cloudfunctions.googleapis.com 200
[debug] [2025-12-25T00:43:15.083Z] <<< [apiv2][body] GET https://serviceusage.googleapis.com/v1/projects/test-action-a9c21/services/cloudfunctions.googleapis.com [omitted]
[debug] [2025-12-25T00:43:15.092Z] <<< [apiv2][status] GET https://serviceusage.googleapis.com/v1/projects/test-action-a9c21/services/firebasedataconnect.googleapis.com 200
[debug] [2025-12-25T00:43:15.093Z] <<< [apiv2][body] GET https://serviceusage.googleapis.com/v1/projects/test-action-a9c21/services/firebasedataconnect.googleapis.com [omitted]
[debug] [2025-12-25T00:43:15.112Z] <<< [apiv2][status] GET https://serviceusage.googleapis.com/v1/projects/test-action-a9c21/services/storage.googleapis.com 200
[debug] [2025-12-25T00:43:15.112Z] <<< [apiv2][body] GET https://serviceusage.googleapis.com/v1/projects/test-action-a9c21/services/storage.googleapis.com [omitted]
[debug] [2025-12-25T00:43:15.203Z] <<< [apiv2][status] GET https://cloudbilling.googleapis.com/v1/projects/test-action-a9c21/billingInfo 200
[debug] [2025-12-25T00:43:15.204Z] <<< [apiv2][body] GET https://cloudbilling.googleapis.com/v1/projects/test-action-a9c21/billingInfo {"name":"projects/test-action-a9c21/billingInfo","projectId":"test-action-a9c21","billingAccountName":"billingAccounts/011ECA-0CA103-C58A8B","billingEnabled":true}
[error] Failed to fetch Firebase Project from Studio Workspace because WORKSPACE_SLUG environment variable is empty
[debug] [2025-12-25T00:43:15.220Z] > command requires scopes: ["email","openid","https://www.googleapis.com/auth/cloudplatformprojects.readonly","https://www.googleapis.com/auth/firebase","https://www.googleapis.com/auth/cloud-platform","https://www.googleapis.com/auth/userinfo.email"]
[debug] [2025-12-25T00:43:15.220Z] > authorizing via signed-in user (ahmedmhr2011@gmail.com)
[error] Failed to fetch Firebase Project from Studio Workspace because WORKSPACE_SLUG environment variable is empty
[error] Failed to fetch Firebase Project from Studio Workspace because WORKSPACE_SLUG environment variable is empty
[error] Failed to fetch Firebase Project from Studio Workspace because WORKSPACE_SLUG environment variable is empty
[error] Failed to fetch Firebase Project from Studio Workspace because WORKSPACE_SLUG environment variable is empty
[error] Failed to fetch Firebase Project from Studio Workspace because WORKSPACE_SLUG environment variable is empty
[error] Failed to fetch Firebase Project from Studio Workspace because WORKSPACE_SLUG environment variable is empty
[debug] [2025-12-25T00:43:16.897Z] > command requires scopes: ["email","openid","https://www.googleapis.com/auth/cloudplatformprojects.readonly","https://www.googleapis.com/auth/firebase","https://www.googleapis.com/auth/cloud-platform","https://www.googleapis.com/auth/userinfo.email"]
[debug] [2025-12-25T00:43:16.897Z] > authorizing via signed-in user (ahmedmhr2011@gmail.com)
[debug] [2025-12-25T00:43:16.897Z] > command requires scopes: ["email","openid","https://www.googleapis.com/auth/cloudplatformprojects.readonly","https://www.googleapis.com/auth/firebase","https://www.googleapis.com/auth/cloud-platform","https://www.googleapis.com/auth/userinfo.email"]
[debug] [2025-12-25T00:43:16.897Z] > authorizing via signed-in user (ahmedmhr2011@gmail.com)
[debug] [2025-12-25T00:43:16.902Z] No OAuth tokens found
[debug] [2025-12-25T00:43:16.903Z] No OAuth tokens found
[debug] [2025-12-25T00:43:16.903Z] >>> [apiv2][query] GET https://cloudbilling.googleapis.com/v1/projects/test-action-a9c21/billingInfo [none]
[debug] [2025-12-25T00:43:16.907Z] >>> [apiv2][query] GET https://cloudbilling.googleapis.com/v1/projects/test-action-a9c21/billingInfo [none]
[debug] [2025-12-25T00:43:17.070Z] <<< [apiv2][status] GET https://cloudbilling.googleapis.com/v1/projects/test-action-a9c21/billingInfo 200
[debug] [2025-12-25T00:43:17.070Z] <<< [apiv2][body] GET https://cloudbilling.googleapis.com/v1/projects/test-action-a9c21/billingInfo {"name":"projects/test-action-a9c21/billingInfo","projectId":"test-action-a9c21","billingAccountName":"billingAccounts/011ECA-0CA103-C58A8B","billingEnabled":true}
[error] Failed to fetch Firebase Project from Studio Workspace because WORKSPACE_SLUG environment variable is empty
[debug] [2025-12-25T00:43:17.091Z] > command requires scopes: ["email","openid","https://www.googleapis.com/auth/cloudplatformprojects.readonly","https://www.googleapis.com/auth/firebase","https://www.googleapis.com/auth/cloud-platform","https://www.googleapis.com/auth/userinfo.email"]
[debug] [2025-12-25T00:43:17.091Z] > authorizing via signed-in user (ahmedmhr2011@gmail.com)
[debug] [2025-12-25T00:43:17.111Z] <<< [apiv2][status] GET https://cloudbilling.googleapis.com/v1/projects/test-action-a9c21/billingInfo 200
[debug] [2025-12-25T00:43:17.117Z] <<< [apiv2][body] GET https://cloudbilling.googleapis.com/v1/projects/test-action-a9c21/billingInfo {"name":"projects/test-action-a9c21/billingInfo","projectId":"test-action-a9c21","billingAccountName":"billingAccounts/011ECA-0CA103-C58A8B","billingEnabled":true}
[error] Failed to fetch Firebase Project from Studio Workspace because WORKSPACE_SLUG environment variable is empty
[debug] [2025-12-25T00:43:17.131Z] > command requires scopes: ["email","openid","https://www.googleapis.com/auth/cloudplatformprojects.readonly","https://www.googleapis.com/auth/firebase","https://www.googleapis.com/auth/cloud-platform","https://www.googleapis.com/auth/userinfo.email"]
[debug] [2025-12-25T00:43:17.134Z] > authorizing via signed-in user (ahmedmhr2011@gmail.com)
